<?xml version="1.0" encoding="UTF-8"?>
<coverage generated="1706909172038" clover="3.2.0">
  <project timestamp="1706909172039" name="All files">
    <metrics statements="108" coveredstatements="93" conditionals="36" coveredconditionals="30" methods="34" coveredmethods="28" elements="178" coveredelements="151" complexity="0" loc="108" ncloc="108" packages="9" files="14" classes="14"/>
    <package name="components.Button">
      <metrics statements="12" coveredstatements="12" conditionals="11" coveredconditionals="7" methods="6" coveredmethods="5"/>
      <file name="index.tsx" path="/Users/alexandremarques/Development/COURSES/MOBILE/REACT_NATIVE_EXPO/TaskToDo/src/components/Button/index.tsx">
        <metrics statements="10" coveredstatements="10" conditionals="7" coveredconditionals="4" methods="5" coveredmethods="4"/>
        <line num="7" count="2" type="stmt"/>
        <line num="9" count="33" type="stmt"/>
        <line num="11" count="33" type="cond" truecount="0" falsecount="1"/>
        <line num="12" count="33" type="stmt"/>
        <line num="17" count="33" type="stmt"/>
        <line num="18" count="33" type="cond" truecount="2" falsecount="0"/>
        <line num="19" count="2" type="stmt"/>
        <line num="23" count="31" type="stmt"/>
        <line num="27" count="33" type="stmt"/>
        <line num="32" count="33" type="stmt"/>
      </file>
      <file name="styles.ts" path="/Users/alexandremarques/Development/COURSES/MOBILE/REACT_NATIVE_EXPO/TaskToDo/src/components/Button/styles.ts">
        <metrics statements="2" coveredstatements="2" conditionals="4" coveredconditionals="3" methods="1" coveredmethods="1"/>
        <line num="15" count="2" type="stmt"/>
        <line num="16" count="33" type="stmt"/>
      </file>
    </package>
    <package name="components.CheckBoxCompleteTask">
      <metrics statements="3" coveredstatements="3" conditionals="3" coveredconditionals="3" methods="1" coveredmethods="1"/>
      <file name="index.tsx" path="/Users/alexandremarques/Development/COURSES/MOBILE/REACT_NATIVE_EXPO/TaskToDo/src/components/CheckBoxCompleteTask/index.tsx">
        <metrics statements="3" coveredstatements="3" conditionals="3" coveredconditionals="3" methods="1" coveredmethods="1"/>
        <line num="5" count="2" type="cond" truecount="1" falsecount="0"/>
        <line num="6" count="7" type="stmt"/>
        <line num="14" count="2" type="stmt"/>
      </file>
    </package>
    <package name="components.CustomHeader">
      <metrics statements="4" coveredstatements="4" conditionals="2" coveredconditionals="2" methods="1" coveredmethods="1"/>
      <file name="index.tsx" path="/Users/alexandremarques/Development/COURSES/MOBILE/REACT_NATIVE_EXPO/TaskToDo/src/components/CustomHeader/index.tsx">
        <metrics statements="4" coveredstatements="4" conditionals="2" coveredconditionals="2" methods="1" coveredmethods="1"/>
        <line num="9" count="2" type="stmt"/>
        <line num="10" count="63" type="cond" truecount="2" falsecount="0"/>
        <line num="12" count="61" type="stmt"/>
        <line num="21" count="2" type="stmt"/>
      </file>
    </package>
    <package name="components.InputTask">
      <metrics statements="3" coveredstatements="3" conditionals="2" coveredconditionals="2" methods="1" coveredmethods="1"/>
      <file name="index.tsx" path="/Users/alexandremarques/Development/COURSES/MOBILE/REACT_NATIVE_EXPO/TaskToDo/src/components/InputTask/index.tsx">
        <metrics statements="2" coveredstatements="2" conditionals="2" coveredconditionals="2" methods="1" coveredmethods="1"/>
        <line num="11" count="1" type="stmt"/>
        <line num="12" count="27" type="stmt"/>
      </file>
      <file name="styles.ts" path="/Users/alexandremarques/Development/COURSES/MOBILE/REACT_NATIVE_EXPO/TaskToDo/src/components/InputTask/styles.ts">
        <metrics statements="1" coveredstatements="1" conditionals="0" coveredconditionals="0" methods="0" coveredmethods="0"/>
        <line num="4" count="1" type="stmt"/>
      </file>
    </package>
    <package name="components.TodoList">
      <metrics statements="11" coveredstatements="10" conditionals="0" coveredconditionals="0" methods="7" coveredmethods="6"/>
      <file name="index.tsx" path="/Users/alexandremarques/Development/COURSES/MOBILE/REACT_NATIVE_EXPO/TaskToDo/src/components/TodoList/index.tsx">
        <metrics statements="10" coveredstatements="9" conditionals="0" coveredconditionals="0" methods="7" coveredmethods="6"/>
        <line num="14" count="1" type="stmt"/>
        <line num="15" count="30" type="stmt"/>
        <line num="16" count="13" type="stmt"/>
        <line num="18" count="2" type="stmt"/>
        <line num="20" count="0" type="stmt"/>
        <line num="26" count="1" type="stmt"/>
        <line num="34" count="30" type="stmt"/>
        <line num="35" count="1" type="stmt"/>
        <line num="43" count="30" type="stmt"/>
        <line num="49" count="18" type="stmt"/>
      </file>
      <file name="styles.ts" path="/Users/alexandremarques/Development/COURSES/MOBILE/REACT_NATIVE_EXPO/TaskToDo/src/components/TodoList/styles.ts">
        <metrics statements="1" coveredstatements="1" conditionals="0" coveredconditionals="0" methods="0" coveredmethods="0"/>
        <line num="4" count="1" type="stmt"/>
      </file>
    </package>
    <package name="constants">
      <metrics statements="1" coveredstatements="1" conditionals="0" coveredconditionals="0" methods="0" coveredmethods="0"/>
      <file name="index.ts" path="/Users/alexandremarques/Development/COURSES/MOBILE/REACT_NATIVE_EXPO/TaskToDo/src/constants/index.ts">
        <metrics statements="1" coveredstatements="1" conditionals="0" coveredconditionals="0" methods="0" coveredmethods="0"/>
        <line num="1" count="1" type="stmt"/>
      </file>
    </package>
    <package name="screens.Home">
      <metrics statements="46" coveredstatements="41" conditionals="16" coveredconditionals="14" methods="13" coveredmethods="11"/>
      <file name="index.tsx" path="/Users/alexandremarques/Development/COURSES/MOBILE/REACT_NATIVE_EXPO/TaskToDo/src/screens/Home/index.tsx">
        <metrics statements="46" coveredstatements="41" conditionals="16" coveredconditionals="14" methods="13" coveredmethods="11"/>
        <line num="27" count="1" type="cond" truecount="1" falsecount="1"/>
        <line num="30" count="31" type="stmt"/>
        <line num="31" count="30" type="stmt"/>
        <line num="32" count="30" type="stmt"/>
        <line num="33" count="30" type="stmt"/>
        <line num="37" count="30" type="stmt"/>
        <line num="40" count="11" type="stmt"/>
        <line num="41" count="11" type="stmt"/>
        <line num="43" count="11" type="cond" truecount="4" falsecount="0"/>
        <line num="44" count="2" type="stmt"/>
        <line num="48" count="11" type="stmt"/>
        <line num="52" count="19" type="cond" truecount="2" falsecount="0"/>
        <line num="53" count="8" type="stmt"/>
        <line num="57" count="30" type="stmt"/>
        <line num="59" count="19" type="stmt"/>
        <line num="62" count="30" type="stmt"/>
        <line num="63" count="9" type="cond" truecount="2" falsecount="0"/>
        <line num="64" count="5" type="stmt"/>
        <line num="65" count="5" type="stmt"/>
        <line num="68" count="4" type="stmt"/>
        <line num="69" count="4" type="stmt"/>
        <line num="75" count="4" type="stmt"/>
        <line num="76" count="4" type="stmt"/>
        <line num="77" count="4" type="stmt"/>
        <line num="80" count="30" type="stmt"/>
        <line num="81" count="1" type="cond" truecount="1" falsecount="1"/>
        <line num="82" count="0" type="stmt"/>
        <line num="83" count="0" type="stmt"/>
        <line num="86" count="1" type="stmt"/>
        <line num="87" count="1" type="stmt"/>
        <line num="89" count="1" type="stmt"/>
        <line num="91" count="1" type="stmt"/>
        <line num="92" count="1" type="stmt"/>
        <line num="95" count="30" type="stmt"/>
        <line num="96" count="2" type="stmt"/>
        <line num="98" count="1" type="stmt"/>
        <line num="101" count="30" type="stmt"/>
        <line num="102" count="2" type="stmt"/>
        <line num="103" count="2" type="stmt"/>
        <line num="106" count="30" type="stmt"/>
        <line num="107" count="0" type="stmt"/>
        <line num="109" count="0" type="stmt"/>
        <line num="110" count="0" type="stmt"/>
        <line num="113" count="30" type="stmt"/>
        <line num="142" count="1" type="stmt"/>
        <line num="153" count="1" type="stmt"/>
      </file>
    </package>
    <package name="storage">
      <metrics statements="24" coveredstatements="15" conditionals="2" coveredconditionals="2" methods="5" coveredmethods="3"/>
      <file name="index.ts" path="/Users/alexandremarques/Development/COURSES/MOBILE/REACT_NATIVE_EXPO/TaskToDo/src/storage/index.ts">
        <metrics statements="24" coveredstatements="15" conditionals="2" coveredconditionals="2" methods="5" coveredmethods="3"/>
        <line num="3" count="1" type="stmt"/>
        <line num="4" count="8" type="stmt"/>
        <line num="5" count="8" type="stmt"/>
        <line num="7" count="0" type="stmt"/>
        <line num="11" count="1" type="stmt"/>
        <line num="12" count="11" type="stmt"/>
        <line num="13" count="11" type="stmt"/>
        <line num="14" count="11" type="cond" truecount="2" falsecount="0"/>
        <line num="16" count="0" type="stmt"/>
        <line num="20" count="1" type="stmt"/>
        <line num="21" count="11" type="stmt"/>
        <line num="22" count="11" type="stmt"/>
        <line num="23" count="11" type="stmt"/>
        <line num="24" count="11" type="stmt"/>
        <line num="27" count="0" type="stmt"/>
        <line num="30" count="11" type="stmt"/>
        <line num="33" count="1" type="stmt"/>
        <line num="34" count="0" type="stmt"/>
        <line num="35" count="0" type="stmt"/>
        <line num="37" count="0" type="stmt"/>
        <line num="41" count="1" type="stmt"/>
        <line num="42" count="0" type="stmt"/>
        <line num="43" count="0" type="stmt"/>
        <line num="45" count="0" type="stmt"/>
      </file>
    </package>
    <package name="styles.theme">
      <metrics statements="4" coveredstatements="4" conditionals="0" coveredconditionals="0" methods="0" coveredmethods="0"/>
      <file name="colors.ts" path="/Users/alexandremarques/Development/COURSES/MOBILE/REACT_NATIVE_EXPO/TaskToDo/src/styles/theme/colors.ts">
        <metrics statements="1" coveredstatements="1" conditionals="0" coveredconditionals="0" methods="0" coveredmethods="0"/>
        <line num="1" count="3" type="stmt"/>
      </file>
      <file name="fonts.ts" path="/Users/alexandremarques/Development/COURSES/MOBILE/REACT_NATIVE_EXPO/TaskToDo/src/styles/theme/fonts.ts">
        <metrics statements="2" coveredstatements="2" conditionals="0" coveredconditionals="0" methods="0" coveredmethods="0"/>
        <line num="1" count="3" type="stmt"/>
        <line num="7" count="3" type="stmt"/>
      </file>
      <file name="index.ts" path="/Users/alexandremarques/Development/COURSES/MOBILE/REACT_NATIVE_EXPO/TaskToDo/src/styles/theme/index.ts">
        <metrics statements="1" coveredstatements="1" conditionals="0" coveredconditionals="0" methods="0" coveredmethods="0"/>
        <line num="4" count="3" type="stmt"/>
      </file>
    </package>
  </project>
</coverage>
