{"/Users/alexandremarques/Development/COURSES/MOBILE/REACT_NATIVE_EXPO/TaskToDo/src/components/Button/index.tsx": {"path":"/Users/alexandremarques/Development/COURSES/MOBILE/REACT_NATIVE_EXPO/TaskToDo/src/components/Button/index.tsx","statementMap":{"0":{"start":{"line":7,"column":15},"end":{"line":42,"column":1}},"1":{"start":{"line":9,"column":17},"end":{"line":9,"column":41}},"2":{"start":{"line":11,"column":22},"end":{"line":15,"column":8}},"3":{"start":{"line":12,"column":4},"end":{"line":14,"column":6}},"4":{"start":{"line":17,"column":33},"end":{"line":25,"column":16}},"5":{"start":{"line":18,"column":4},"end":{"line":24,"column":5}},"6":{"start":{"line":19,"column":6},"end":{"line":21,"column":8}},"7":{"start":{"line":23,"column":6},"end":{"line":23,"column":16}},"8":{"start":{"line":27,"column":2},"end":{"line":41,"column":4}},"9":{"start":{"line":32,"column":28},"end":{"line":37,"column":7}}},"fnMap":{"0":{"name":"(anonymous_0)","decl":{"start":{"line":7,"column":15},"end":{"line":7,"column":16}},"loc":{"start":{"line":7,"column":71},"end":{"line":42,"column":1}},"line":7},"1":{"name":"(anonymous_1)","decl":{"start":{"line":11,"column":34},"end":{"line":11,"column":35}},"loc":{"start":{"line":11,"column":55},"end":{"line":15,"column":3}},"line":11},"2":{"name":"(anonymous_2)","decl":{"start":{"line":17,"column":45},"end":{"line":17,"column":46}},"loc":{"start":{"line":17,"column":51},"end":{"line":25,"column":3}},"line":17},"3":{"name":"(anonymous_3)","decl":{"start":{"line":32,"column":13},"end":{"line":32,"column":14}},"loc":{"start":{"line":32,"column":28},"end":{"line":37,"column":7}},"line":32},"4":{"name":"(anonymous_4)","decl":{"start":{"line":38,"column":35},"end":{"line":38,"column":36}},"loc":{"start":{"line":38,"column":41},"end":{"line":38,"column":43}},"line":38}},"branchMap":{"0":{"loc":{"start":{"line":11,"column":35},"end":{"line":11,"column":50}},"type":"default-arg","locations":[{"start":{"line":11,"column":45},"end":{"line":11,"column":50}}],"line":11},"1":{"loc":{"start":{"line":13,"column":15},"end":{"line":13,"column":32}},"type":"cond-expr","locations":[{"start":{"line":13,"column":25},"end":{"line":13,"column":28}},{"start":{"line":13,"column":31},"end":{"line":13,"column":32}}],"line":13},"2":{"loc":{"start":{"line":18,"column":4},"end":{"line":24,"column":5}},"type":"if","locations":[{"start":{"line":18,"column":4},"end":{"line":24,"column":5}},{"start":{"line":22,"column":11},"end":{"line":24,"column":5}}],"line":18},"3":{"loc":{"start":{"line":38,"column":15},"end":{"line":38,"column":43}},"type":"cond-expr","locations":[{"start":{"line":38,"column":25},"end":{"line":38,"column":32}},{"start":{"line":38,"column":35},"end":{"line":38,"column":43}}],"line":38}},"s":{"0":2,"1":7,"2":7,"3":7,"4":7,"5":7,"6":2,"7":5,"8":7,"9":7},"f":{"0":7,"1":7,"2":7,"3":7,"4":0},"b":{"0":[0],"1":[0,7],"2":[2,5],"3":[7,0]},"_coverageSchema":"1a1c01bbd47fc00a2c39e90264f33305004495a9","hash":"4febd6aaf2c07076e639cd2159f73ac493b95b98"}
,"/Users/alexandremarques/Development/COURSES/MOBILE/REACT_NATIVE_EXPO/TaskToDo/src/components/Button/styles.ts": {"path":"/Users/alexandremarques/Development/COURSES/MOBILE/REACT_NATIVE_EXPO/TaskToDo/src/components/Button/styles.ts","statementMap":{"0":{"start":{"line":15,"column":23},"end":{"line":29,"column":1}},"1":{"start":{"line":16,"column":2},"end":{"line":28,"column":4}}},"fnMap":{"0":{"name":"(anonymous_0)","decl":{"start":{"line":15,"column":23},"end":{"line":15,"column":24}},"loc":{"start":{"line":15,"column":44},"end":{"line":29,"column":1}},"line":15}},"branchMap":{"0":{"loc":{"start":{"line":20,"column":23},"end":{"line":20,"column":71}},"type":"cond-expr","locations":[{"start":{"line":20,"column":34},"end":{"line":20,"column":43}},{"start":{"line":20,"column":46},"end":{"line":20,"column":71}}],"line":20},"1":{"loc":{"start":{"line":20,"column":46},"end":{"line":20,"column":71}},"type":"cond-expr","locations":[{"start":{"line":20,"column":54},"end":{"line":20,"column":59}},{"start":{"line":20,"column":62},"end":{"line":20,"column":71}}],"line":20}},"s":{"0":2,"1":7},"f":{"0":7},"b":{"0":[2,5],"1":[0,5]},"_coverageSchema":"1a1c01bbd47fc00a2c39e90264f33305004495a9","hash":"1c4f1ce16953ea23260fed34e8bcf010fcfaa168"}
,"/Users/alexandremarques/Development/COURSES/MOBILE/REACT_NATIVE_EXPO/TaskToDo/src/components/CheckBoxCompleteTask/index.tsx": {"path":"/Users/alexandremarques/Development/COURSES/MOBILE/REACT_NATIVE_EXPO/TaskToDo/src/components/CheckBoxCompleteTask/index.tsx","statementMap":{"0":{"start":{"line":5,"column":29},"end":{"line":12,"column":1}},"1":{"start":{"line":6,"column":2},"end":{"line":11,"column":4}},"2":{"start":{"line":14,"column":15},"end":{"line":30,"column":2}}},"fnMap":{"0":{"name":"(anonymous_0)","decl":{"start":{"line":5,"column":29},"end":{"line":5,"column":30}},"loc":{"start":{"line":5,"column":54},"end":{"line":12,"column":1}},"line":5}},"branchMap":{"0":{"loc":{"start":{"line":5,"column":31},"end":{"line":5,"column":48}},"type":"default-arg","locations":[{"start":{"line":5,"column":43},"end":{"line":5,"column":48}}],"line":5},"1":{"loc":{"start":{"line":9,"column":13},"end":{"line":9,"column":58}},"type":"cond-expr","locations":[{"start":{"line":9,"column":25},"end":{"line":9,"column":39}},{"start":{"line":9,"column":42},"end":{"line":9,"column":58}}],"line":9}},"s":{"0":2,"1":3,"2":2},"f":{"0":3},"b":{"0":[1],"1":[1,2]},"_coverageSchema":"1a1c01bbd47fc00a2c39e90264f33305004495a9","hash":"19c9b3280c3c9c1cfd05fbad87b265e92d49ad3b"}
,"/Users/alexandremarques/Development/COURSES/MOBILE/REACT_NATIVE_EXPO/TaskToDo/src/components/CustomHeader/index.tsx": {"path":"/Users/alexandremarques/Development/COURSES/MOBILE/REACT_NATIVE_EXPO/TaskToDo/src/components/CustomHeader/index.tsx","statementMap":{"0":{"start":{"line":9,"column":28},"end":{"line":19,"column":1}},"1":{"start":{"line":10,"column":2},"end":{"line":10,"column":31}},"2":{"start":{"line":10,"column":19},"end":{"line":10,"column":31}},"3":{"start":{"line":12,"column":2},"end":{"line":18,"column":4}},"4":{"start":{"line":21,"column":15},"end":{"line":41,"column":2}}},"fnMap":{"0":{"name":"(anonymous_0)","decl":{"start":{"line":9,"column":28},"end":{"line":9,"column":29}},"loc":{"start":{"line":9,"column":48},"end":{"line":19,"column":1}},"line":9}},"branchMap":{"0":{"loc":{"start":{"line":10,"column":2},"end":{"line":10,"column":31}},"type":"if","locations":[{"start":{"line":10,"column":2},"end":{"line":10,"column":31}},{"start":{},"end":{}}],"line":10}},"s":{"0":2,"1":11,"2":2,"3":9,"4":2},"f":{"0":11},"b":{"0":[2,9]},"_coverageSchema":"1a1c01bbd47fc00a2c39e90264f33305004495a9","hash":"2dc7e82e8523fc09a61c8872f2879c4c9153f220"}
,"/Users/alexandremarques/Development/COURSES/MOBILE/REACT_NATIVE_EXPO/TaskToDo/src/components/InputTask/index.tsx": {"path":"/Users/alexandremarques/Development/COURSES/MOBILE/REACT_NATIVE_EXPO/TaskToDo/src/components/InputTask/index.tsx","statementMap":{"0":{"start":{"line":11,"column":18},"end":{"line":36,"column":1}},"1":{"start":{"line":12,"column":2},"end":{"line":35,"column":4}}},"fnMap":{"0":{"name":"(anonymous_0)","decl":{"start":{"line":11,"column":18},"end":{"line":11,"column":19}},"loc":{"start":{"line":11,"column":59},"end":{"line":36,"column":1}},"line":11}},"branchMap":{"0":{"loc":{"start":{"line":18,"column":9},"end":{"line":22,"column":9}},"type":"binary-expr","locations":[{"start":{"line":18,"column":9},"end":{"line":18,"column":14}},{"start":{"line":19,"column":10},"end":{"line":21,"column":17}}],"line":18}},"s":{"0":1,"1":4},"f":{"0":4},"b":{"0":[4,0]},"_coverageSchema":"1a1c01bbd47fc00a2c39e90264f33305004495a9","hash":"2f8db1f9aa9b5410070b3bf07cdf9159ea4cf583"}
,"/Users/alexandremarques/Development/COURSES/MOBILE/REACT_NATIVE_EXPO/TaskToDo/src/components/InputTask/styles.ts": {"path":"/Users/alexandremarques/Development/COURSES/MOBILE/REACT_NATIVE_EXPO/TaskToDo/src/components/InputTask/styles.ts","statementMap":{"0":{"start":{"line":4,"column":22},"end":{"line":38,"column":2}}},"fnMap":{},"branchMap":{},"s":{"0":1},"f":{},"b":{},"_coverageSchema":"1a1c01bbd47fc00a2c39e90264f33305004495a9","hash":"b18663a9b6a9133ae8377bac65aad79bea9baec8"}
,"/Users/alexandremarques/Development/COURSES/MOBILE/REACT_NATIVE_EXPO/TaskToDo/src/components/TodoList/index.tsx": {"path":"/Users/alexandremarques/Development/COURSES/MOBILE/REACT_NATIVE_EXPO/TaskToDo/src/components/TodoList/index.tsx","statementMap":{"0":{"start":{"line":13,"column":17},"end":{"line":44,"column":1}},"1":{"start":{"line":14,"column":21},"end":{"line":31,"column":3}},"2":{"start":{"line":15,"column":4},"end":{"line":30,"column":6}},"3":{"start":{"line":17,"column":23},"end":{"line":17,"column":39}},"4":{"start":{"line":19,"column":34},"end":{"line":19,"column":55}},"5":{"start":{"line":25,"column":36},"end":{"line":25,"column":57}},"6":{"start":{"line":33,"column":2},"end":{"line":43,"column":4}},"7":{"start":{"line":39,"column":30},"end":{"line":39,"column":45}}},"fnMap":{"0":{"name":"(anonymous_0)","decl":{"start":{"line":13,"column":17},"end":{"line":13,"column":18}},"loc":{"start":{"line":13,"column":76},"end":{"line":44,"column":1}},"line":13},"1":{"name":"(anonymous_1)","decl":{"start":{"line":14,"column":21},"end":{"line":14,"column":22}},"loc":{"start":{"line":14,"column":47},"end":{"line":31,"column":3}},"line":14},"2":{"name":"(anonymous_2)","decl":{"start":{"line":17,"column":17},"end":{"line":17,"column":18}},"loc":{"start":{"line":17,"column":23},"end":{"line":17,"column":39}},"line":17},"3":{"name":"(anonymous_3)","decl":{"start":{"line":19,"column":28},"end":{"line":19,"column":29}},"loc":{"start":{"line":19,"column":34},"end":{"line":19,"column":55}},"line":19},"4":{"name":"(anonymous_4)","decl":{"start":{"line":25,"column":30},"end":{"line":25,"column":31}},"loc":{"start":{"line":25,"column":36},"end":{"line":25,"column":57}},"line":25},"5":{"name":"(anonymous_5)","decl":{"start":{"line":39,"column":22},"end":{"line":39,"column":23}},"loc":{"start":{"line":39,"column":30},"end":{"line":39,"column":45}},"line":39}},"branchMap":{},"s":{"0":1,"1":4,"2":0,"3":0,"4":0,"5":0,"6":4,"7":0},"f":{"0":4,"1":0,"2":0,"3":0,"4":0,"5":0},"b":{},"_coverageSchema":"1a1c01bbd47fc00a2c39e90264f33305004495a9","hash":"37394aea3e557e558b7b8632997a2190b73b0f7b"}
,"/Users/alexandremarques/Development/COURSES/MOBILE/REACT_NATIVE_EXPO/TaskToDo/src/components/TodoList/styles.ts": {"path":"/Users/alexandremarques/Development/COURSES/MOBILE/REACT_NATIVE_EXPO/TaskToDo/src/components/TodoList/styles.ts","statementMap":{"0":{"start":{"line":4,"column":22},"end":{"line":41,"column":2}}},"fnMap":{},"branchMap":{},"s":{"0":1},"f":{},"b":{},"_coverageSchema":"1a1c01bbd47fc00a2c39e90264f33305004495a9","hash":"5246316e0ad97b705602a719d59e686c9282ff14"}
,"/Users/alexandremarques/Development/COURSES/MOBILE/REACT_NATIVE_EXPO/TaskToDo/src/constants/index.ts": {"path":"/Users/alexandremarques/Development/COURSES/MOBILE/REACT_NATIVE_EXPO/TaskToDo/src/constants/index.ts","statementMap":{"0":{"start":{"line":1,"column":24},"end":{"line":1,"column":33}}},"fnMap":{},"branchMap":{},"s":{"0":1},"f":{},"b":{},"_coverageSchema":"1a1c01bbd47fc00a2c39e90264f33305004495a9","hash":"77904c589cc81052e48c4394ffedea699cf3e006"}
,"/Users/alexandremarques/Development/COURSES/MOBILE/REACT_NATIVE_EXPO/TaskToDo/src/screens/Home/index.tsx": {"path":"/Users/alexandremarques/Development/COURSES/MOBILE/REACT_NATIVE_EXPO/TaskToDo/src/screens/Home/index.tsx","statementMap":{"0":{"start":{"line":20,"column":26},"end":{"line":20,"column":52}},"1":{"start":{"line":21,"column":32},"end":{"line":21,"column":54}},"2":{"start":{"line":22,"column":42},"end":{"line":22,"column":62}},"3":{"start":{"line":23,"column":28},"end":{"line":23,"column":58}},"4":{"start":{"line":27,"column":2},"end":{"line":39,"column":9}},"5":{"start":{"line":30,"column":24},"end":{"line":30,"column":51}},"6":{"start":{"line":31,"column":24},"end":{"line":31,"column":48}},"7":{"start":{"line":33,"column":6},"end":{"line":35,"column":7}},"8":{"start":{"line":34,"column":8},"end":{"line":34,"column":27}},"9":{"start":{"line":38,"column":4},"end":{"line":38,"column":27}},"10":{"start":{"line":42,"column":4},"end":{"line":44,"column":5}},"11":{"start":{"line":43,"column":6},"end":{"line":43,"column":37}},"12":{"start":{"line":47,"column":2},"end":{"line":50,"column":13}},"13":{"start":{"line":49,"column":4},"end":{"line":49,"column":22}},"14":{"start":{"line":52,"column":26},"end":{"line":68,"column":3}},"15":{"start":{"line":53,"column":4},"end":{"line":56,"column":5}},"16":{"start":{"line":54,"column":6},"end":{"line":54,"column":21}},"17":{"start":{"line":55,"column":6},"end":{"line":55,"column":13}},"18":{"start":{"line":58,"column":15},"end":{"line":58,"column":46}},"19":{"start":{"line":59,"column":23},"end":{"line":63,"column":5}},"20":{"start":{"line":65,"column":4},"end":{"line":65,"column":29}},"21":{"start":{"line":66,"column":4},"end":{"line":66,"column":19}},"22":{"start":{"line":67,"column":4},"end":{"line":67,"column":20}},"23":{"start":{"line":70,"column":27},"end":{"line":83,"column":3}},"24":{"start":{"line":71,"column":4},"end":{"line":74,"column":5}},"25":{"start":{"line":72,"column":6},"end":{"line":72,"column":21}},"26":{"start":{"line":73,"column":6},"end":{"line":73,"column":13}},"27":{"start":{"line":76,"column":29},"end":{"line":76,"column":78}},"28":{"start":{"line":76,"column":47},"end":{"line":76,"column":77}},"29":{"start":{"line":77,"column":4},"end":{"line":77,"column":31}},"30":{"start":{"line":79,"column":4},"end":{"line":79,"column":23}},"31":{"start":{"line":81,"column":4},"end":{"line":81,"column":19}},"32":{"start":{"line":82,"column":4},"end":{"line":82,"column":20}},"33":{"start":{"line":85,"column":23},"end":{"line":89,"column":3}},"34":{"start":{"line":86,"column":22},"end":{"line":86,"column":57}},"35":{"start":{"line":86,"column":42},"end":{"line":86,"column":56}},"36":{"start":{"line":88,"column":4},"end":{"line":88,"column":28}},"37":{"start":{"line":91,"column":21},"end":{"line":94,"column":8}},"38":{"start":{"line":92,"column":4},"end":{"line":92,"column":26}},"39":{"start":{"line":93,"column":4},"end":{"line":93,"column":51}},"40":{"start":{"line":96,"column":23},"end":{"line":101,"column":3}},"41":{"start":{"line":97,"column":26},"end":{"line":97,"column":58}},"42":{"start":{"line":97,"column":44},"end":{"line":97,"column":57}},"43":{"start":{"line":99,"column":4},"end":{"line":99,"column":49}},"44":{"start":{"line":100,"column":4},"end":{"line":100,"column":23}},"45":{"start":{"line":103,"column":2},"end":{"line":129,"column":4}},"46":{"start":{"line":132,"column":15},"end":{"line":140,"column":2}},"47":{"start":{"line":142,"column":21},"end":{"line":161,"column":2}}},"fnMap":{"0":{"name":"Home","decl":{"start":{"line":19,"column":9},"end":{"line":19,"column":13}},"loc":{"start":{"line":19,"column":16},"end":{"line":130,"column":1}},"line":19},"1":{"name":"(anonymous_1)","decl":{"start":{"line":27,"column":18},"end":{"line":27,"column":19}},"loc":{"start":{"line":27,"column":24},"end":{"line":39,"column":3}},"line":27},"2":{"name":"loadDataLocalStorage","decl":{"start":{"line":29,"column":19},"end":{"line":29,"column":39}},"loc":{"start":{"line":29,"column":42},"end":{"line":36,"column":5}},"line":29},"3":{"name":"saveDataStorage","decl":{"start":{"line":41,"column":17},"end":{"line":41,"column":32}},"loc":{"start":{"line":41,"column":35},"end":{"line":45,"column":3}},"line":41},"4":{"name":"(anonymous_4)","decl":{"start":{"line":47,"column":18},"end":{"line":47,"column":19}},"loc":{"start":{"line":47,"column":24},"end":{"line":50,"column":3}},"line":47},"5":{"name":"(anonymous_5)","decl":{"start":{"line":52,"column":26},"end":{"line":52,"column":27}},"loc":{"start":{"line":52,"column":32},"end":{"line":68,"column":3}},"line":52},"6":{"name":"(anonymous_6)","decl":{"start":{"line":70,"column":27},"end":{"line":70,"column":28}},"loc":{"start":{"line":70,"column":33},"end":{"line":83,"column":3}},"line":70},"7":{"name":"(anonymous_7)","decl":{"start":{"line":76,"column":39},"end":{"line":76,"column":40}},"loc":{"start":{"line":76,"column":47},"end":{"line":76,"column":77}},"line":76},"8":{"name":"(anonymous_8)","decl":{"start":{"line":85,"column":23},"end":{"line":85,"column":24}},"loc":{"start":{"line":85,"column":39},"end":{"line":89,"column":3}},"line":85},"9":{"name":"(anonymous_9)","decl":{"start":{"line":86,"column":34},"end":{"line":86,"column":35}},"loc":{"start":{"line":86,"column":42},"end":{"line":86,"column":56}},"line":86},"10":{"name":"(anonymous_10)","decl":{"start":{"line":91,"column":33},"end":{"line":91,"column":34}},"loc":{"start":{"line":91,"column":49},"end":{"line":94,"column":3}},"line":91},"11":{"name":"(anonymous_11)","decl":{"start":{"line":96,"column":23},"end":{"line":96,"column":24}},"loc":{"start":{"line":96,"column":39},"end":{"line":101,"column":3}},"line":96},"12":{"name":"(anonymous_12)","decl":{"start":{"line":97,"column":36},"end":{"line":97,"column":37}},"loc":{"start":{"line":97,"column":44},"end":{"line":97,"column":57}},"line":97}},"branchMap":{"0":{"loc":{"start":{"line":33,"column":6},"end":{"line":35,"column":7}},"type":"if","locations":[{"start":{"line":33,"column":6},"end":{"line":35,"column":7}},{"start":{},"end":{}}],"line":33},"1":{"loc":{"start":{"line":33,"column":10},"end":{"line":33,"column":41}},"type":"binary-expr","locations":[{"start":{"line":33,"column":10},"end":{"line":33,"column":19}},{"start":{"line":33,"column":23},"end":{"line":33,"column":41}}],"line":33},"2":{"loc":{"start":{"line":42,"column":4},"end":{"line":44,"column":5}},"type":"if","locations":[{"start":{"line":42,"column":4},"end":{"line":44,"column":5}},{"start":{},"end":{}}],"line":42},"3":{"loc":{"start":{"line":53,"column":4},"end":{"line":56,"column":5}},"type":"if","locations":[{"start":{"line":53,"column":4},"end":{"line":56,"column":5}},{"start":{},"end":{}}],"line":53},"4":{"loc":{"start":{"line":71,"column":4},"end":{"line":74,"column":5}},"type":"if","locations":[{"start":{"line":71,"column":4},"end":{"line":74,"column":5}},{"start":{},"end":{}}],"line":71},"5":{"loc":{"start":{"line":120,"column":19},"end":{"line":120,"column":68}},"type":"cond-expr","locations":[{"start":{"line":120,"column":34},"end":{"line":120,"column":50}},{"start":{"line":120,"column":53},"end":{"line":120,"column":68}}],"line":120},"6":{"loc":{"start":{"line":121,"column":16},"end":{"line":121,"column":45}},"type":"cond-expr","locations":[{"start":{"line":121,"column":31},"end":{"line":121,"column":37}},{"start":{"line":121,"column":40},"end":{"line":121,"column":45}}],"line":121}},"s":{"0":4,"1":4,"2":4,"3":4,"4":4,"5":4,"6":4,"7":4,"8":0,"9":4,"10":4,"11":0,"12":4,"13":4,"14":4,"15":0,"16":0,"17":0,"18":0,"19":0,"20":0,"21":0,"22":0,"23":4,"24":0,"25":0,"26":0,"27":0,"28":0,"29":0,"30":0,"31":0,"32":0,"33":4,"34":0,"35":0,"36":0,"37":4,"38":0,"39":0,"40":4,"41":0,"42":0,"43":0,"44":0,"45":4,"46":1,"47":1},"f":{"0":4,"1":4,"2":4,"3":4,"4":4,"5":0,"6":0,"7":0,"8":0,"9":0,"10":0,"11":0,"12":0},"b":{"0":[0,4],"1":[4,0],"2":[0,4],"3":[0,0],"4":[0,0],"5":[0,4],"6":[0,4]},"_coverageSchema":"1a1c01bbd47fc00a2c39e90264f33305004495a9","hash":"e6bd1bc881c7998885554164ba9851f670d59873"}
,"/Users/alexandremarques/Development/COURSES/MOBILE/REACT_NATIVE_EXPO/TaskToDo/src/storage/index.ts": {"path":"/Users/alexandremarques/Development/COURSES/MOBILE/REACT_NATIVE_EXPO/TaskToDo/src/storage/index.ts","statementMap":{"0":{"start":{"line":3,"column":17},"end":{"line":9,"column":1}},"1":{"start":{"line":4,"column":2},"end":{"line":8,"column":3}},"2":{"start":{"line":5,"column":4},"end":{"line":5,"column":58}},"3":{"start":{"line":7,"column":4},"end":{"line":7,"column":27}},"4":{"start":{"line":11,"column":17},"end":{"line":18,"column":1}},"5":{"start":{"line":12,"column":2},"end":{"line":17,"column":3}},"6":{"start":{"line":13,"column":18},"end":{"line":13,"column":49}},"7":{"start":{"line":14,"column":4},"end":{"line":14,"column":53}},"8":{"start":{"line":16,"column":4},"end":{"line":16,"column":27}},"9":{"start":{"line":20,"column":20},"end":{"line":31,"column":1}},"10":{"start":{"line":21,"column":28},"end":{"line":21,"column":33}},"11":{"start":{"line":22,"column":2},"end":{"line":28,"column":3}},"12":{"start":{"line":23,"column":18},"end":{"line":23,"column":49}},"13":{"start":{"line":24,"column":4},"end":{"line":24,"column":39}},"14":{"start":{"line":27,"column":4},"end":{"line":27,"column":29}},"15":{"start":{"line":30,"column":2},"end":{"line":30,"column":20}},"16":{"start":{"line":33,"column":19},"end":{"line":39,"column":1}},"17":{"start":{"line":34,"column":2},"end":{"line":38,"column":3}},"18":{"start":{"line":35,"column":4},"end":{"line":35,"column":39}},"19":{"start":{"line":37,"column":4},"end":{"line":37,"column":29}},"20":{"start":{"line":41,"column":21},"end":{"line":47,"column":1}},"21":{"start":{"line":42,"column":2},"end":{"line":46,"column":3}},"22":{"start":{"line":43,"column":4},"end":{"line":43,"column":31}},"23":{"start":{"line":45,"column":4},"end":{"line":45,"column":29}}},"fnMap":{"0":{"name":"(anonymous_0)","decl":{"start":{"line":3,"column":17},"end":{"line":3,"column":18}},"loc":{"start":{"line":3,"column":51},"end":{"line":9,"column":1}},"line":3},"1":{"name":"(anonymous_1)","decl":{"start":{"line":11,"column":17},"end":{"line":11,"column":18}},"loc":{"start":{"line":11,"column":40},"end":{"line":18,"column":1}},"line":11},"2":{"name":"(anonymous_2)","decl":{"start":{"line":20,"column":20},"end":{"line":20,"column":21}},"loc":{"start":{"line":20,"column":61},"end":{"line":31,"column":1}},"line":20},"3":{"name":"(anonymous_3)","decl":{"start":{"line":33,"column":19},"end":{"line":33,"column":20}},"loc":{"start":{"line":33,"column":42},"end":{"line":39,"column":1}},"line":33},"4":{"name":"(anonymous_4)","decl":{"start":{"line":41,"column":21},"end":{"line":41,"column":22}},"loc":{"start":{"line":41,"column":33},"end":{"line":47,"column":1}},"line":41}},"branchMap":{"0":{"loc":{"start":{"line":14,"column":11},"end":{"line":14,"column":52}},"type":"cond-expr","locations":[{"start":{"line":14,"column":28},"end":{"line":14,"column":45}},{"start":{"line":14,"column":48},"end":{"line":14,"column":52}}],"line":14}},"s":{"0":1,"1":0,"2":0,"3":0,"4":1,"5":4,"6":4,"7":4,"8":0,"9":1,"10":4,"11":4,"12":4,"13":4,"14":0,"15":4,"16":1,"17":0,"18":0,"19":0,"20":1,"21":0,"22":0,"23":0},"f":{"0":0,"1":4,"2":4,"3":0,"4":0},"b":{"0":[0,4]},"_coverageSchema":"1a1c01bbd47fc00a2c39e90264f33305004495a9","hash":"0c10e552f4da854bc2c7e0a83c2798eaabb09763"}
,"/Users/alexandremarques/Development/COURSES/MOBILE/REACT_NATIVE_EXPO/TaskToDo/src/styles/theme/colors.ts": {"path":"/Users/alexandremarques/Development/COURSES/MOBILE/REACT_NATIVE_EXPO/TaskToDo/src/styles/theme/colors.ts","statementMap":{"0":{"start":{"line":1,"column":22},"end":{"line":24,"column":1}}},"fnMap":{},"branchMap":{},"s":{"0":3},"f":{},"b":{},"_coverageSchema":"1a1c01bbd47fc00a2c39e90264f33305004495a9","hash":"1b06f0b026b8d0c2d9f58e3fa9a57eb3a47e55e3"}
,"/Users/alexandremarques/Development/COURSES/MOBILE/REACT_NATIVE_EXPO/TaskToDo/src/styles/theme/fonts.ts": {"path":"/Users/alexandremarques/Development/COURSES/MOBILE/REACT_NATIVE_EXPO/TaskToDo/src/styles/theme/fonts.ts","statementMap":{"0":{"start":{"line":1,"column":21},"end":{"line":5,"column":1}},"1":{"start":{"line":7,"column":27},"end":{"line":11,"column":1}}},"fnMap":{},"branchMap":{},"s":{"0":3,"1":3},"f":{},"b":{},"_coverageSchema":"1a1c01bbd47fc00a2c39e90264f33305004495a9","hash":"811d1b37f9dc08c2b1ed04295e67e3664c16ed04"}
,"/Users/alexandremarques/Development/COURSES/MOBILE/REACT_NATIVE_EXPO/TaskToDo/src/styles/theme/index.ts": {"path":"/Users/alexandremarques/Development/COURSES/MOBILE/REACT_NATIVE_EXPO/TaskToDo/src/styles/theme/index.ts","statementMap":{"0":{"start":{"line":4,"column":21},"end":{"line":4,"column":37}}},"fnMap":{},"branchMap":{},"s":{"0":3},"f":{},"b":{},"_coverageSchema":"1a1c01bbd47fc00a2c39e90264f33305004495a9","hash":"4cdd8ec65defc1e9d583fce2b468ef465e230a36"}
}
