{"/Users/alexandremarques/Development/COURSES/MOBILE/REACT_NATIVE_EXPO/TaskToDo/src/components/Button/index.tsx": {"path":"/Users/alexandremarques/Development/COURSES/MOBILE/REACT_NATIVE_EXPO/TaskToDo/src/components/Button/index.tsx","statementMap":{"0":{"start":{"line":7,"column":15},"end":{"line":42,"column":1}},"1":{"start":{"line":9,"column":17},"end":{"line":9,"column":41}},"2":{"start":{"line":11,"column":22},"end":{"line":15,"column":8}},"3":{"start":{"line":12,"column":4},"end":{"line":14,"column":6}},"4":{"start":{"line":17,"column":33},"end":{"line":25,"column":16}},"5":{"start":{"line":18,"column":4},"end":{"line":24,"column":5}},"6":{"start":{"line":19,"column":6},"end":{"line":21,"column":8}},"7":{"start":{"line":23,"column":6},"end":{"line":23,"column":16}},"8":{"start":{"line":27,"column":2},"end":{"line":41,"column":4}},"9":{"start":{"line":32,"column":28},"end":{"line":37,"column":7}}},"fnMap":{"0":{"name":"(anonymous_0)","decl":{"start":{"line":7,"column":15},"end":{"line":7,"column":16}},"loc":{"start":{"line":7,"column":71},"end":{"line":42,"column":1}},"line":7},"1":{"name":"(anonymous_1)","decl":{"start":{"line":11,"column":34},"end":{"line":11,"column":35}},"loc":{"start":{"line":11,"column":55},"end":{"line":15,"column":3}},"line":11},"2":{"name":"(anonymous_2)","decl":{"start":{"line":17,"column":45},"end":{"line":17,"column":46}},"loc":{"start":{"line":17,"column":51},"end":{"line":25,"column":3}},"line":17},"3":{"name":"(anonymous_3)","decl":{"start":{"line":32,"column":13},"end":{"line":32,"column":14}},"loc":{"start":{"line":32,"column":28},"end":{"line":37,"column":7}},"line":32},"4":{"name":"(anonymous_4)","decl":{"start":{"line":38,"column":35},"end":{"line":38,"column":36}},"loc":{"start":{"line":38,"column":41},"end":{"line":38,"column":43}},"line":38}},"branchMap":{"0":{"loc":{"start":{"line":11,"column":35},"end":{"line":11,"column":50}},"type":"default-arg","locations":[{"start":{"line":11,"column":45},"end":{"line":11,"column":50}}],"line":11},"1":{"loc":{"start":{"line":13,"column":15},"end":{"line":13,"column":32}},"type":"cond-expr","locations":[{"start":{"line":13,"column":25},"end":{"line":13,"column":28}},{"start":{"line":13,"column":31},"end":{"line":13,"column":32}}],"line":13},"2":{"loc":{"start":{"line":18,"column":4},"end":{"line":24,"column":5}},"type":"if","locations":[{"start":{"line":18,"column":4},"end":{"line":24,"column":5}},{"start":{"line":22,"column":11},"end":{"line":24,"column":5}}],"line":18},"3":{"loc":{"start":{"line":38,"column":15},"end":{"line":38,"column":43}},"type":"cond-expr","locations":[{"start":{"line":38,"column":25},"end":{"line":38,"column":32}},{"start":{"line":38,"column":35},"end":{"line":38,"column":43}}],"line":38}},"s":{"0":2,"1":33,"2":33,"3":33,"4":33,"5":33,"6":2,"7":31,"8":33,"9":33},"f":{"0":33,"1":33,"2":33,"3":33,"4":0},"b":{"0":[0],"1":[0,33],"2":[2,31],"3":[33,0]},"_coverageSchema":"1a1c01bbd47fc00a2c39e90264f33305004495a9","hash":"4febd6aaf2c07076e639cd2159f73ac493b95b98"}
,"/Users/alexandremarques/Development/COURSES/MOBILE/REACT_NATIVE_EXPO/TaskToDo/src/components/Button/styles.ts": {"path":"/Users/alexandremarques/Development/COURSES/MOBILE/REACT_NATIVE_EXPO/TaskToDo/src/components/Button/styles.ts","statementMap":{"0":{"start":{"line":15,"column":23},"end":{"line":29,"column":1}},"1":{"start":{"line":16,"column":2},"end":{"line":28,"column":4}}},"fnMap":{"0":{"name":"(anonymous_0)","decl":{"start":{"line":15,"column":23},"end":{"line":15,"column":24}},"loc":{"start":{"line":15,"column":44},"end":{"line":29,"column":1}},"line":15}},"branchMap":{"0":{"loc":{"start":{"line":20,"column":23},"end":{"line":20,"column":71}},"type":"cond-expr","locations":[{"start":{"line":20,"column":34},"end":{"line":20,"column":43}},{"start":{"line":20,"column":46},"end":{"line":20,"column":71}}],"line":20},"1":{"loc":{"start":{"line":20,"column":46},"end":{"line":20,"column":71}},"type":"cond-expr","locations":[{"start":{"line":20,"column":54},"end":{"line":20,"column":59}},{"start":{"line":20,"column":62},"end":{"line":20,"column":71}}],"line":20}},"s":{"0":2,"1":33},"f":{"0":33},"b":{"0":[2,31],"1":[0,31]},"_coverageSchema":"1a1c01bbd47fc00a2c39e90264f33305004495a9","hash":"1c4f1ce16953ea23260fed34e8bcf010fcfaa168"}
,"/Users/alexandremarques/Development/COURSES/MOBILE/REACT_NATIVE_EXPO/TaskToDo/src/components/CheckBoxCompleteTask/index.tsx": {"path":"/Users/alexandremarques/Development/COURSES/MOBILE/REACT_NATIVE_EXPO/TaskToDo/src/components/CheckBoxCompleteTask/index.tsx","statementMap":{"0":{"start":{"line":5,"column":29},"end":{"line":12,"column":1}},"1":{"start":{"line":6,"column":2},"end":{"line":11,"column":4}},"2":{"start":{"line":14,"column":15},"end":{"line":30,"column":2}}},"fnMap":{"0":{"name":"(anonymous_0)","decl":{"start":{"line":5,"column":29},"end":{"line":5,"column":30}},"loc":{"start":{"line":5,"column":54},"end":{"line":12,"column":1}},"line":5}},"branchMap":{"0":{"loc":{"start":{"line":5,"column":31},"end":{"line":5,"column":48}},"type":"default-arg","locations":[{"start":{"line":5,"column":43},"end":{"line":5,"column":48}}],"line":5},"1":{"loc":{"start":{"line":9,"column":13},"end":{"line":9,"column":58}},"type":"cond-expr","locations":[{"start":{"line":9,"column":25},"end":{"line":9,"column":39}},{"start":{"line":9,"column":42},"end":{"line":9,"column":58}}],"line":9}},"s":{"0":2,"1":7,"2":2},"f":{"0":7},"b":{"0":[1],"1":[1,6]},"_coverageSchema":"1a1c01bbd47fc00a2c39e90264f33305004495a9","hash":"19c9b3280c3c9c1cfd05fbad87b265e92d49ad3b"}
,"/Users/alexandremarques/Development/COURSES/MOBILE/REACT_NATIVE_EXPO/TaskToDo/src/components/CustomHeader/index.tsx": {"path":"/Users/alexandremarques/Development/COURSES/MOBILE/REACT_NATIVE_EXPO/TaskToDo/src/components/CustomHeader/index.tsx","statementMap":{"0":{"start":{"line":9,"column":28},"end":{"line":19,"column":1}},"1":{"start":{"line":10,"column":2},"end":{"line":10,"column":31}},"2":{"start":{"line":10,"column":19},"end":{"line":10,"column":31}},"3":{"start":{"line":12,"column":2},"end":{"line":18,"column":4}},"4":{"start":{"line":21,"column":15},"end":{"line":41,"column":2}}},"fnMap":{"0":{"name":"(anonymous_0)","decl":{"start":{"line":9,"column":28},"end":{"line":9,"column":29}},"loc":{"start":{"line":9,"column":48},"end":{"line":19,"column":1}},"line":9}},"branchMap":{"0":{"loc":{"start":{"line":10,"column":2},"end":{"line":10,"column":31}},"type":"if","locations":[{"start":{"line":10,"column":2},"end":{"line":10,"column":31}},{"start":{},"end":{}}],"line":10}},"s":{"0":2,"1":63,"2":2,"3":61,"4":2},"f":{"0":63},"b":{"0":[2,61]},"_coverageSchema":"1a1c01bbd47fc00a2c39e90264f33305004495a9","hash":"2dc7e82e8523fc09a61c8872f2879c4c9153f220"}
,"/Users/alexandremarques/Development/COURSES/MOBILE/REACT_NATIVE_EXPO/TaskToDo/src/components/InputTask/index.tsx": {"path":"/Users/alexandremarques/Development/COURSES/MOBILE/REACT_NATIVE_EXPO/TaskToDo/src/components/InputTask/index.tsx","statementMap":{"0":{"start":{"line":11,"column":18},"end":{"line":36,"column":1}},"1":{"start":{"line":12,"column":2},"end":{"line":35,"column":4}}},"fnMap":{"0":{"name":"(anonymous_0)","decl":{"start":{"line":11,"column":18},"end":{"line":11,"column":19}},"loc":{"start":{"line":11,"column":59},"end":{"line":36,"column":1}},"line":11}},"branchMap":{"0":{"loc":{"start":{"line":18,"column":9},"end":{"line":22,"column":9}},"type":"binary-expr","locations":[{"start":{"line":18,"column":9},"end":{"line":18,"column":14}},{"start":{"line":19,"column":10},"end":{"line":21,"column":17}}],"line":18}},"s":{"0":1,"1":27},"f":{"0":27},"b":{"0":[27,4]},"_coverageSchema":"1a1c01bbd47fc00a2c39e90264f33305004495a9","hash":"2f8db1f9aa9b5410070b3bf07cdf9159ea4cf583"}
,"/Users/alexandremarques/Development/COURSES/MOBILE/REACT_NATIVE_EXPO/TaskToDo/src/components/InputTask/styles.ts": {"path":"/Users/alexandremarques/Development/COURSES/MOBILE/REACT_NATIVE_EXPO/TaskToDo/src/components/InputTask/styles.ts","statementMap":{"0":{"start":{"line":4,"column":22},"end":{"line":38,"column":2}}},"fnMap":{},"branchMap":{},"s":{"0":1},"f":{},"b":{},"_coverageSchema":"1a1c01bbd47fc00a2c39e90264f33305004495a9","hash":"b18663a9b6a9133ae8377bac65aad79bea9baec8"}
,"/Users/alexandremarques/Development/COURSES/MOBILE/REACT_NATIVE_EXPO/TaskToDo/src/components/TodoList/index.tsx": {"path":"/Users/alexandremarques/Development/COURSES/MOBILE/REACT_NATIVE_EXPO/TaskToDo/src/components/TodoList/index.tsx","statementMap":{"0":{"start":{"line":14,"column":17},"end":{"line":55,"column":1}},"1":{"start":{"line":15,"column":21},"end":{"line":32,"column":3}},"2":{"start":{"line":16,"column":4},"end":{"line":31,"column":6}},"3":{"start":{"line":18,"column":23},"end":{"line":18,"column":39}},"4":{"start":{"line":20,"column":34},"end":{"line":20,"column":55}},"5":{"start":{"line":26,"column":36},"end":{"line":26,"column":57}},"6":{"start":{"line":34,"column":24},"end":{"line":41,"column":3}},"7":{"start":{"line":35,"column":4},"end":{"line":40,"column":6}},"8":{"start":{"line":43,"column":2},"end":{"line":54,"column":4}},"9":{"start":{"line":49,"column":30},"end":{"line":49,"column":45}}},"fnMap":{"0":{"name":"(anonymous_0)","decl":{"start":{"line":14,"column":17},"end":{"line":14,"column":18}},"loc":{"start":{"line":14,"column":76},"end":{"line":55,"column":1}},"line":14},"1":{"name":"(anonymous_1)","decl":{"start":{"line":15,"column":21},"end":{"line":15,"column":22}},"loc":{"start":{"line":15,"column":47},"end":{"line":32,"column":3}},"line":15},"2":{"name":"(anonymous_2)","decl":{"start":{"line":18,"column":17},"end":{"line":18,"column":18}},"loc":{"start":{"line":18,"column":23},"end":{"line":18,"column":39}},"line":18},"3":{"name":"(anonymous_3)","decl":{"start":{"line":20,"column":28},"end":{"line":20,"column":29}},"loc":{"start":{"line":20,"column":34},"end":{"line":20,"column":55}},"line":20},"4":{"name":"(anonymous_4)","decl":{"start":{"line":26,"column":30},"end":{"line":26,"column":31}},"loc":{"start":{"line":26,"column":36},"end":{"line":26,"column":57}},"line":26},"5":{"name":"(anonymous_5)","decl":{"start":{"line":34,"column":24},"end":{"line":34,"column":25}},"loc":{"start":{"line":35,"column":4},"end":{"line":40,"column":6}},"line":35},"6":{"name":"(anonymous_6)","decl":{"start":{"line":49,"column":22},"end":{"line":49,"column":23}},"loc":{"start":{"line":49,"column":30},"end":{"line":49,"column":45}},"line":49}},"branchMap":{},"s":{"0":1,"1":30,"2":13,"3":2,"4":0,"5":1,"6":30,"7":1,"8":30,"9":18},"f":{"0":30,"1":13,"2":2,"3":0,"4":1,"5":1,"6":18},"b":{},"_coverageSchema":"1a1c01bbd47fc00a2c39e90264f33305004495a9","hash":"d2223f8628bd7fa9bfa184792f9975ddb27c30b6"}
,"/Users/alexandremarques/Development/COURSES/MOBILE/REACT_NATIVE_EXPO/TaskToDo/src/components/TodoList/styles.ts": {"path":"/Users/alexandremarques/Development/COURSES/MOBILE/REACT_NATIVE_EXPO/TaskToDo/src/components/TodoList/styles.ts","statementMap":{"0":{"start":{"line":4,"column":22},"end":{"line":52,"column":2}}},"fnMap":{},"branchMap":{},"s":{"0":1},"f":{},"b":{},"_coverageSchema":"1a1c01bbd47fc00a2c39e90264f33305004495a9","hash":"3509c212d14dd2826b09023dd1dfbff6c0ab11e1"}
,"/Users/alexandremarques/Development/COURSES/MOBILE/REACT_NATIVE_EXPO/TaskToDo/src/constants/index.ts": {"path":"/Users/alexandremarques/Development/COURSES/MOBILE/REACT_NATIVE_EXPO/TaskToDo/src/constants/index.ts","statementMap":{"0":{"start":{"line":1,"column":24},"end":{"line":1,"column":33}}},"fnMap":{},"branchMap":{},"s":{"0":1},"f":{},"b":{},"_coverageSchema":"1a1c01bbd47fc00a2c39e90264f33305004495a9","hash":"77904c589cc81052e48c4394ffedea699cf3e006"}
,"/Users/alexandremarques/Development/COURSES/MOBILE/REACT_NATIVE_EXPO/TaskToDo/src/screens/Home/index.tsx": {"path":"/Users/alexandremarques/Development/COURSES/MOBILE/REACT_NATIVE_EXPO/TaskToDo/src/screens/Home/index.tsx","statementMap":{"0":{"start":{"line":27,"column":18},"end":{"line":27,"column":73}},"1":{"start":{"line":30,"column":26},"end":{"line":30,"column":52}},"2":{"start":{"line":31,"column":32},"end":{"line":31,"column":50}},"3":{"start":{"line":32,"column":42},"end":{"line":32,"column":62}},"4":{"start":{"line":33,"column":28},"end":{"line":33,"column":58}},"5":{"start":{"line":37,"column":2},"end":{"line":49,"column":9}},"6":{"start":{"line":40,"column":24},"end":{"line":40,"column":51}},"7":{"start":{"line":41,"column":24},"end":{"line":41,"column":48}},"8":{"start":{"line":43,"column":6},"end":{"line":45,"column":7}},"9":{"start":{"line":44,"column":8},"end":{"line":44,"column":27}},"10":{"start":{"line":48,"column":4},"end":{"line":48,"column":27}},"11":{"start":{"line":52,"column":4},"end":{"line":54,"column":5}},"12":{"start":{"line":53,"column":6},"end":{"line":53,"column":37}},"13":{"start":{"line":57,"column":2},"end":{"line":60,"column":13}},"14":{"start":{"line":59,"column":4},"end":{"line":59,"column":22}},"15":{"start":{"line":62,"column":26},"end":{"line":78,"column":3}},"16":{"start":{"line":63,"column":4},"end":{"line":66,"column":5}},"17":{"start":{"line":64,"column":6},"end":{"line":64,"column":21}},"18":{"start":{"line":65,"column":6},"end":{"line":65,"column":13}},"19":{"start":{"line":68,"column":15},"end":{"line":68,"column":46}},"20":{"start":{"line":69,"column":23},"end":{"line":73,"column":5}},"21":{"start":{"line":75,"column":4},"end":{"line":75,"column":29}},"22":{"start":{"line":76,"column":4},"end":{"line":76,"column":19}},"23":{"start":{"line":77,"column":4},"end":{"line":77,"column":20}},"24":{"start":{"line":80,"column":27},"end":{"line":93,"column":3}},"25":{"start":{"line":81,"column":4},"end":{"line":84,"column":5}},"26":{"start":{"line":82,"column":6},"end":{"line":82,"column":21}},"27":{"start":{"line":83,"column":6},"end":{"line":83,"column":13}},"28":{"start":{"line":86,"column":29},"end":{"line":86,"column":78}},"29":{"start":{"line":86,"column":47},"end":{"line":86,"column":77}},"30":{"start":{"line":87,"column":4},"end":{"line":87,"column":31}},"31":{"start":{"line":89,"column":4},"end":{"line":89,"column":23}},"32":{"start":{"line":91,"column":4},"end":{"line":91,"column":19}},"33":{"start":{"line":92,"column":4},"end":{"line":92,"column":20}},"34":{"start":{"line":95,"column":23},"end":{"line":99,"column":3}},"35":{"start":{"line":96,"column":22},"end":{"line":96,"column":57}},"36":{"start":{"line":96,"column":42},"end":{"line":96,"column":56}},"37":{"start":{"line":98,"column":4},"end":{"line":98,"column":28}},"38":{"start":{"line":101,"column":21},"end":{"line":104,"column":8}},"39":{"start":{"line":102,"column":4},"end":{"line":102,"column":26}},"40":{"start":{"line":103,"column":4},"end":{"line":103,"column":51}},"41":{"start":{"line":106,"column":23},"end":{"line":111,"column":3}},"42":{"start":{"line":107,"column":26},"end":{"line":107,"column":58}},"43":{"start":{"line":107,"column":44},"end":{"line":107,"column":57}},"44":{"start":{"line":109,"column":4},"end":{"line":109,"column":49}},"45":{"start":{"line":110,"column":4},"end":{"line":110,"column":23}},"46":{"start":{"line":113,"column":2},"end":{"line":139,"column":4}},"47":{"start":{"line":142,"column":15},"end":{"line":151,"column":2}},"48":{"start":{"line":153,"column":21},"end":{"line":172,"column":2}}},"fnMap":{"0":{"name":"Home","decl":{"start":{"line":29,"column":9},"end":{"line":29,"column":13}},"loc":{"start":{"line":29,"column":16},"end":{"line":140,"column":1}},"line":29},"1":{"name":"(anonymous_1)","decl":{"start":{"line":37,"column":18},"end":{"line":37,"column":19}},"loc":{"start":{"line":37,"column":24},"end":{"line":49,"column":3}},"line":37},"2":{"name":"loadDataLocalStorage","decl":{"start":{"line":39,"column":19},"end":{"line":39,"column":39}},"loc":{"start":{"line":39,"column":42},"end":{"line":46,"column":5}},"line":39},"3":{"name":"saveDataStorage","decl":{"start":{"line":51,"column":17},"end":{"line":51,"column":32}},"loc":{"start":{"line":51,"column":35},"end":{"line":55,"column":3}},"line":51},"4":{"name":"(anonymous_4)","decl":{"start":{"line":57,"column":18},"end":{"line":57,"column":19}},"loc":{"start":{"line":57,"column":24},"end":{"line":60,"column":3}},"line":57},"5":{"name":"(anonymous_5)","decl":{"start":{"line":62,"column":26},"end":{"line":62,"column":27}},"loc":{"start":{"line":62,"column":32},"end":{"line":78,"column":3}},"line":62},"6":{"name":"(anonymous_6)","decl":{"start":{"line":80,"column":27},"end":{"line":80,"column":28}},"loc":{"start":{"line":80,"column":33},"end":{"line":93,"column":3}},"line":80},"7":{"name":"(anonymous_7)","decl":{"start":{"line":86,"column":39},"end":{"line":86,"column":40}},"loc":{"start":{"line":86,"column":47},"end":{"line":86,"column":77}},"line":86},"8":{"name":"(anonymous_8)","decl":{"start":{"line":95,"column":23},"end":{"line":95,"column":24}},"loc":{"start":{"line":95,"column":39},"end":{"line":99,"column":3}},"line":95},"9":{"name":"(anonymous_9)","decl":{"start":{"line":96,"column":34},"end":{"line":96,"column":35}},"loc":{"start":{"line":96,"column":42},"end":{"line":96,"column":56}},"line":96},"10":{"name":"(anonymous_10)","decl":{"start":{"line":101,"column":33},"end":{"line":101,"column":34}},"loc":{"start":{"line":101,"column":49},"end":{"line":104,"column":3}},"line":101},"11":{"name":"(anonymous_11)","decl":{"start":{"line":106,"column":23},"end":{"line":106,"column":24}},"loc":{"start":{"line":106,"column":39},"end":{"line":111,"column":3}},"line":106},"12":{"name":"(anonymous_12)","decl":{"start":{"line":107,"column":36},"end":{"line":107,"column":37}},"loc":{"start":{"line":107,"column":44},"end":{"line":107,"column":57}},"line":107}},"branchMap":{"0":{"loc":{"start":{"line":27,"column":18},"end":{"line":27,"column":73}},"type":"cond-expr","locations":[{"start":{"line":27,"column":46},"end":{"line":27,"column":69}},{"start":{"line":27,"column":72},"end":{"line":27,"column":73}}],"line":27},"1":{"loc":{"start":{"line":43,"column":6},"end":{"line":45,"column":7}},"type":"if","locations":[{"start":{"line":43,"column":6},"end":{"line":45,"column":7}},{"start":{},"end":{}}],"line":43},"2":{"loc":{"start":{"line":43,"column":10},"end":{"line":43,"column":41}},"type":"binary-expr","locations":[{"start":{"line":43,"column":10},"end":{"line":43,"column":19}},{"start":{"line":43,"column":23},"end":{"line":43,"column":41}}],"line":43},"3":{"loc":{"start":{"line":52,"column":4},"end":{"line":54,"column":5}},"type":"if","locations":[{"start":{"line":52,"column":4},"end":{"line":54,"column":5}},{"start":{},"end":{}}],"line":52},"4":{"loc":{"start":{"line":63,"column":4},"end":{"line":66,"column":5}},"type":"if","locations":[{"start":{"line":63,"column":4},"end":{"line":66,"column":5}},{"start":{},"end":{}}],"line":63},"5":{"loc":{"start":{"line":81,"column":4},"end":{"line":84,"column":5}},"type":"if","locations":[{"start":{"line":81,"column":4},"end":{"line":84,"column":5}},{"start":{},"end":{}}],"line":81},"6":{"loc":{"start":{"line":130,"column":19},"end":{"line":130,"column":68}},"type":"cond-expr","locations":[{"start":{"line":130,"column":34},"end":{"line":130,"column":50}},{"start":{"line":130,"column":53},"end":{"line":130,"column":68}}],"line":130},"7":{"loc":{"start":{"line":131,"column":16},"end":{"line":131,"column":45}},"type":"cond-expr","locations":[{"start":{"line":131,"column":31},"end":{"line":131,"column":37}},{"start":{"line":131,"column":40},"end":{"line":131,"column":45}}],"line":131}},"s":{"0":1,"1":31,"2":30,"3":30,"4":30,"5":30,"6":11,"7":11,"8":11,"9":2,"10":11,"11":19,"12":8,"13":30,"14":19,"15":30,"16":9,"17":5,"18":5,"19":4,"20":4,"21":4,"22":4,"23":4,"24":30,"25":1,"26":0,"27":0,"28":1,"29":1,"30":1,"31":1,"32":1,"33":1,"34":30,"35":1,"36":2,"37":1,"38":30,"39":2,"40":2,"41":30,"42":0,"43":0,"44":0,"45":0,"46":30,"47":1,"48":1},"f":{"0":31,"1":11,"2":11,"3":19,"4":19,"5":9,"6":1,"7":1,"8":1,"9":2,"10":2,"11":0,"12":0},"b":{"0":[0,1],"1":[2,9],"2":[11,2],"3":[8,11],"4":[5,4],"5":[0,1],"6":[5,25],"7":[5,25]},"_coverageSchema":"1a1c01bbd47fc00a2c39e90264f33305004495a9","hash":"3e1b76c01c29ac4d4a47bb8fe47f6453e92c51e6"}
,"/Users/alexandremarques/Development/COURSES/MOBILE/REACT_NATIVE_EXPO/TaskToDo/src/storage/index.ts": {"path":"/Users/alexandremarques/Development/COURSES/MOBILE/REACT_NATIVE_EXPO/TaskToDo/src/storage/index.ts","statementMap":{"0":{"start":{"line":3,"column":17},"end":{"line":9,"column":1}},"1":{"start":{"line":4,"column":2},"end":{"line":8,"column":3}},"2":{"start":{"line":5,"column":4},"end":{"line":5,"column":58}},"3":{"start":{"line":7,"column":4},"end":{"line":7,"column":27}},"4":{"start":{"line":11,"column":17},"end":{"line":18,"column":1}},"5":{"start":{"line":12,"column":2},"end":{"line":17,"column":3}},"6":{"start":{"line":13,"column":18},"end":{"line":13,"column":49}},"7":{"start":{"line":14,"column":4},"end":{"line":14,"column":53}},"8":{"start":{"line":16,"column":4},"end":{"line":16,"column":27}},"9":{"start":{"line":20,"column":20},"end":{"line":31,"column":1}},"10":{"start":{"line":21,"column":28},"end":{"line":21,"column":33}},"11":{"start":{"line":22,"column":2},"end":{"line":28,"column":3}},"12":{"start":{"line":23,"column":18},"end":{"line":23,"column":49}},"13":{"start":{"line":24,"column":4},"end":{"line":24,"column":39}},"14":{"start":{"line":27,"column":4},"end":{"line":27,"column":29}},"15":{"start":{"line":30,"column":2},"end":{"line":30,"column":20}},"16":{"start":{"line":33,"column":19},"end":{"line":39,"column":1}},"17":{"start":{"line":34,"column":2},"end":{"line":38,"column":3}},"18":{"start":{"line":35,"column":4},"end":{"line":35,"column":39}},"19":{"start":{"line":37,"column":4},"end":{"line":37,"column":29}},"20":{"start":{"line":41,"column":21},"end":{"line":47,"column":1}},"21":{"start":{"line":42,"column":2},"end":{"line":46,"column":3}},"22":{"start":{"line":43,"column":4},"end":{"line":43,"column":31}},"23":{"start":{"line":45,"column":4},"end":{"line":45,"column":29}}},"fnMap":{"0":{"name":"(anonymous_0)","decl":{"start":{"line":3,"column":17},"end":{"line":3,"column":18}},"loc":{"start":{"line":3,"column":51},"end":{"line":9,"column":1}},"line":3},"1":{"name":"(anonymous_1)","decl":{"start":{"line":11,"column":17},"end":{"line":11,"column":18}},"loc":{"start":{"line":11,"column":40},"end":{"line":18,"column":1}},"line":11},"2":{"name":"(anonymous_2)","decl":{"start":{"line":20,"column":20},"end":{"line":20,"column":21}},"loc":{"start":{"line":20,"column":61},"end":{"line":31,"column":1}},"line":20},"3":{"name":"(anonymous_3)","decl":{"start":{"line":33,"column":19},"end":{"line":33,"column":20}},"loc":{"start":{"line":33,"column":42},"end":{"line":39,"column":1}},"line":33},"4":{"name":"(anonymous_4)","decl":{"start":{"line":41,"column":21},"end":{"line":41,"column":22}},"loc":{"start":{"line":41,"column":33},"end":{"line":47,"column":1}},"line":41}},"branchMap":{"0":{"loc":{"start":{"line":14,"column":11},"end":{"line":14,"column":52}},"type":"cond-expr","locations":[{"start":{"line":14,"column":28},"end":{"line":14,"column":45}},{"start":{"line":14,"column":48},"end":{"line":14,"column":52}}],"line":14}},"s":{"0":1,"1":8,"2":8,"3":0,"4":1,"5":11,"6":11,"7":11,"8":0,"9":1,"10":11,"11":11,"12":11,"13":11,"14":0,"15":11,"16":1,"17":0,"18":0,"19":0,"20":1,"21":0,"22":0,"23":0},"f":{"0":8,"1":11,"2":11,"3":0,"4":0},"b":{"0":[3,8]},"_coverageSchema":"1a1c01bbd47fc00a2c39e90264f33305004495a9","hash":"0c10e552f4da854bc2c7e0a83c2798eaabb09763"}
,"/Users/alexandremarques/Development/COURSES/MOBILE/REACT_NATIVE_EXPO/TaskToDo/src/styles/theme/colors.ts": {"path":"/Users/alexandremarques/Development/COURSES/MOBILE/REACT_NATIVE_EXPO/TaskToDo/src/styles/theme/colors.ts","statementMap":{"0":{"start":{"line":1,"column":22},"end":{"line":24,"column":1}}},"fnMap":{},"branchMap":{},"s":{"0":3},"f":{},"b":{},"_coverageSchema":"1a1c01bbd47fc00a2c39e90264f33305004495a9","hash":"1b06f0b026b8d0c2d9f58e3fa9a57eb3a47e55e3"}
,"/Users/alexandremarques/Development/COURSES/MOBILE/REACT_NATIVE_EXPO/TaskToDo/src/styles/theme/fonts.ts": {"path":"/Users/alexandremarques/Development/COURSES/MOBILE/REACT_NATIVE_EXPO/TaskToDo/src/styles/theme/fonts.ts","statementMap":{"0":{"start":{"line":1,"column":21},"end":{"line":5,"column":1}},"1":{"start":{"line":7,"column":27},"end":{"line":11,"column":1}}},"fnMap":{},"branchMap":{},"s":{"0":3,"1":3},"f":{},"b":{},"_coverageSchema":"1a1c01bbd47fc00a2c39e90264f33305004495a9","hash":"811d1b37f9dc08c2b1ed04295e67e3664c16ed04"}
,"/Users/alexandremarques/Development/COURSES/MOBILE/REACT_NATIVE_EXPO/TaskToDo/src/styles/theme/index.ts": {"path":"/Users/alexandremarques/Development/COURSES/MOBILE/REACT_NATIVE_EXPO/TaskToDo/src/styles/theme/index.ts","statementMap":{"0":{"start":{"line":4,"column":21},"end":{"line":4,"column":37}}},"fnMap":{},"branchMap":{},"s":{"0":3},"f":{},"b":{},"_coverageSchema":"1a1c01bbd47fc00a2c39e90264f33305004495a9","hash":"4cdd8ec65defc1e9d583fce2b468ef465e230a36"}
}
