TN:
SF:src/components/Button/index.tsx
FN:7,(anonymous_0)
FN:11,(anonymous_1)
FN:17,(anonymous_2)
FN:32,(anonymous_3)
FN:38,(anonymous_4)
FNF:5
FNH:4
FNDA:33,(anonymous_0)
FNDA:33,(anonymous_1)
FNDA:33,(anonymous_2)
FNDA:33,(anonymous_3)
FNDA:0,(anonymous_4)
DA:7,2
DA:9,33
DA:11,33
DA:12,33
DA:17,33
DA:18,33
DA:19,2
DA:23,31
DA:27,33
DA:32,33
LF:10
LH:10
BRDA:11,0,0,0
BRDA:13,1,0,0
BRDA:13,1,1,33
BRDA:18,2,0,2
BRDA:18,2,1,31
BRDA:38,3,0,33
BRDA:38,3,1,0
BRF:7
BRH:4
end_of_record
TN:
SF:src/components/Button/styles.ts
FN:15,(anonymous_0)
FNF:1
FNH:1
FNDA:33,(anonymous_0)
DA:15,2
DA:16,33
LF:2
LH:2
BRDA:20,0,0,2
BRDA:20,0,1,31
BRDA:20,1,0,0
BRDA:20,1,1,31
BRF:4
BRH:3
end_of_record
TN:
SF:src/components/CheckBoxCompleteTask/index.tsx
FN:5,(anonymous_0)
FNF:1
FNH:1
FNDA:7,(anonymous_0)
DA:5,2
DA:6,7
DA:14,2
LF:3
LH:3
BRDA:5,0,0,1
BRDA:9,1,0,1
BRDA:9,1,1,6
BRF:3
BRH:3
end_of_record
TN:
SF:src/components/CustomHeader/index.tsx
FN:9,(anonymous_0)
FNF:1
FNH:1
FNDA:63,(anonymous_0)
DA:9,2
DA:10,63
DA:12,61
DA:21,2
LF:4
LH:4
BRDA:10,0,0,2
BRDA:10,0,1,61
BRF:2
BRH:2
end_of_record
TN:
SF:src/components/InputTask/index.tsx
FN:11,(anonymous_0)
FNF:1
FNH:1
FNDA:27,(anonymous_0)
DA:11,1
DA:12,27
LF:2
LH:2
BRDA:18,0,0,27
BRDA:18,0,1,4
BRF:2
BRH:2
end_of_record
TN:
SF:src/components/InputTask/styles.ts
FNF:0
FNH:0
DA:4,1
LF:1
LH:1
BRF:0
BRH:0
end_of_record
TN:
SF:src/components/TodoList/index.tsx
FN:14,(anonymous_0)
FN:15,(anonymous_1)
FN:18,(anonymous_2)
FN:20,(anonymous_3)
FN:26,(anonymous_4)
FN:34,(anonymous_5)
FN:49,(anonymous_6)
FNF:7
FNH:6
FNDA:30,(anonymous_0)
FNDA:13,(anonymous_1)
FNDA:2,(anonymous_2)
FNDA:0,(anonymous_3)
FNDA:1,(anonymous_4)
FNDA:1,(anonymous_5)
FNDA:18,(anonymous_6)
DA:14,1
DA:15,30
DA:16,13
DA:18,2
DA:20,0
DA:26,1
DA:34,30
DA:35,1
DA:43,30
DA:49,18
LF:10
LH:9
BRF:0
BRH:0
end_of_record
TN:
SF:src/components/TodoList/styles.ts
FNF:0
FNH:0
DA:4,1
LF:1
LH:1
BRF:0
BRH:0
end_of_record
TN:
SF:src/constants/index.ts
FNF:0
FNH:0
DA:1,1
LF:1
LH:1
BRF:0
BRH:0
end_of_record
TN:
SF:src/screens/Home/index.tsx
FN:29,Home
FN:37,(anonymous_1)
FN:39,loadDataLocalStorage
FN:51,saveDataStorage
FN:57,(anonymous_4)
FN:62,(anonymous_5)
FN:80,(anonymous_6)
FN:86,(anonymous_7)
FN:95,(anonymous_8)
FN:96,(anonymous_9)
FN:101,(anonymous_10)
FN:106,(anonymous_11)
FN:107,(anonymous_12)
FNF:13
FNH:11
FNDA:31,Home
FNDA:11,(anonymous_1)
FNDA:11,loadDataLocalStorage
FNDA:19,saveDataStorage
FNDA:19,(anonymous_4)
FNDA:9,(anonymous_5)
FNDA:1,(anonymous_6)
FNDA:1,(anonymous_7)
FNDA:1,(anonymous_8)
FNDA:2,(anonymous_9)
FNDA:2,(anonymous_10)
FNDA:0,(anonymous_11)
FNDA:0,(anonymous_12)
DA:27,1
DA:30,31
DA:31,30
DA:32,30
DA:33,30
DA:37,30
DA:40,11
DA:41,11
DA:43,11
DA:44,2
DA:48,11
DA:52,19
DA:53,8
DA:57,30
DA:59,19
DA:62,30
DA:63,9
DA:64,5
DA:65,5
DA:68,4
DA:69,4
DA:75,4
DA:76,4
DA:77,4
DA:80,30
DA:81,1
DA:82,0
DA:83,0
DA:86,1
DA:87,1
DA:89,1
DA:91,1
DA:92,1
DA:95,30
DA:96,2
DA:98,1
DA:101,30
DA:102,2
DA:103,2
DA:106,30
DA:107,0
DA:109,0
DA:110,0
DA:113,30
DA:142,1
DA:153,1
LF:46
LH:41
BRDA:27,0,0,0
BRDA:27,0,1,1
BRDA:43,1,0,2
BRDA:43,1,1,9
BRDA:43,2,0,11
BRDA:43,2,1,2
BRDA:52,3,0,8
BRDA:52,3,1,11
BRDA:63,4,0,5
BRDA:63,4,1,4
BRDA:81,5,0,0
BRDA:81,5,1,1
BRDA:130,6,0,5
BRDA:130,6,1,25
BRDA:131,7,0,5
BRDA:131,7,1,25
BRF:16
BRH:14
end_of_record
TN:
SF:src/storage/index.ts
FN:3,(anonymous_0)
FN:11,(anonymous_1)
FN:20,(anonymous_2)
FN:33,(anonymous_3)
FN:41,(anonymous_4)
FNF:5
FNH:3
FNDA:8,(anonymous_0)
FNDA:11,(anonymous_1)
FNDA:11,(anonymous_2)
FNDA:0,(anonymous_3)
FNDA:0,(anonymous_4)
DA:3,1
DA:4,8
DA:5,8
DA:7,0
DA:11,1
DA:12,11
DA:13,11
DA:14,11
DA:16,0
DA:20,1
DA:21,11
DA:22,11
DA:23,11
DA:24,11
DA:27,0
DA:30,11
DA:33,1
DA:34,0
DA:35,0
DA:37,0
DA:41,1
DA:42,0
DA:43,0
DA:45,0
LF:24
LH:15
BRDA:14,0,0,3
BRDA:14,0,1,8
BRF:2
BRH:2
end_of_record
TN:
SF:src/styles/theme/colors.ts
FNF:0
FNH:0
DA:1,3
LF:1
LH:1
BRF:0
BRH:0
end_of_record
TN:
SF:src/styles/theme/fonts.ts
FNF:0
FNH:0
DA:1,3
DA:7,3
LF:2
LH:2
BRF:0
BRH:0
end_of_record
TN:
SF:src/styles/theme/index.ts
FNF:0
FNH:0
DA:4,3
LF:1
LH:1
BRF:0
BRH:0
end_of_record
