TN:
SF:src/components/Button/index.tsx
FN:7,(anonymous_0)
FN:11,(anonymous_1)
FN:17,(anonymous_2)
FN:32,(anonymous_3)
FN:38,(anonymous_4)
FNF:5
FNH:4
FNDA:4,(anonymous_0)
FNDA:4,(anonymous_1)
FNDA:4,(anonymous_2)
FNDA:4,(anonymous_3)
FNDA:0,(anonymous_4)
DA:7,1
DA:9,4
DA:11,4
DA:12,4
DA:17,4
DA:18,4
DA:19,0
DA:23,4
DA:27,4
DA:32,4
LF:10
LH:9
BRDA:11,0,0,0
BRDA:13,1,0,0
BRDA:13,1,1,4
BRDA:18,2,0,0
BRDA:18,2,1,4
BRDA:38,3,0,4
BRDA:38,3,1,0
BRF:7
BRH:3
end_of_record
TN:
SF:src/components/Button/styles.ts
FN:15,(anonymous_0)
FNF:1
FNH:1
FNDA:4,(anonymous_0)
DA:15,1
DA:16,4
LF:2
LH:2
BRDA:20,0,0,0
BRDA:20,0,1,4
BRDA:20,1,0,0
BRDA:20,1,1,4
BRF:4
BRH:2
end_of_record
TN:
SF:src/components/CheckBoxCompleteTask/index.tsx
FN:5,(anonymous_0)
FNF:1
FNH:0
FNDA:0,(anonymous_0)
DA:5,1
DA:6,0
DA:9,1
LF:3
LH:2
BRDA:5,0,0,0
BRDA:6,1,0,0
BRDA:6,1,1,0
BRF:3
BRH:0
end_of_record
TN:
SF:src/components/CustomHeader/index.tsx
FN:9,(anonymous_0)
FNF:1
FNH:1
FNDA:11,(anonymous_0)
DA:9,2
DA:10,11
DA:12,9
DA:21,2
LF:4
LH:4
BRDA:10,0,0,2
BRDA:10,0,1,9
BRF:2
BRH:2
end_of_record
TN:
SF:src/components/InputTask/index.tsx
FN:11,(anonymous_0)
FNF:1
FNH:1
FNDA:4,(anonymous_0)
DA:11,1
DA:12,4
LF:2
LH:2
BRDA:18,0,0,4
BRDA:18,0,1,0
BRF:2
BRH:1
end_of_record
TN:
SF:src/components/InputTask/styles.ts
FNF:0
FNH:0
DA:4,1
LF:1
LH:1
BRF:0
BRH:0
end_of_record
TN:
SF:src/components/TodoList/index.tsx
FN:13,(anonymous_0)
FN:14,(anonymous_1)
FN:17,(anonymous_2)
FN:19,(anonymous_3)
FN:25,(anonymous_4)
FN:39,(anonymous_5)
FNF:6
FNH:1
FNDA:4,(anonymous_0)
FNDA:0,(anonymous_1)
FNDA:0,(anonymous_2)
FNDA:0,(anonymous_3)
FNDA:0,(anonymous_4)
FNDA:0,(anonymous_5)
DA:13,1
DA:14,4
DA:15,0
DA:17,0
DA:19,0
DA:25,0
DA:33,4
DA:39,0
LF:8
LH:3
BRF:0
BRH:0
end_of_record
TN:
SF:src/components/TodoList/styles.ts
FNF:0
FNH:0
DA:4,1
LF:1
LH:1
BRF:0
BRH:0
end_of_record
TN:
SF:src/constants/index.ts
FNF:0
FNH:0
DA:1,1
LF:1
LH:1
BRF:0
BRH:0
end_of_record
TN:
SF:src/screens/Home/index.tsx
FN:19,Home
FN:27,(anonymous_1)
FN:29,loadDataLocalStorage
FN:41,saveDataStorage
FN:47,(anonymous_4)
FN:52,(anonymous_5)
FN:70,(anonymous_6)
FN:76,(anonymous_7)
FN:85,(anonymous_8)
FN:86,(anonymous_9)
FN:91,(anonymous_10)
FN:96,(anonymous_11)
FN:97,(anonymous_12)
FNF:13
FNH:5
FNDA:4,Home
FNDA:4,(anonymous_1)
FNDA:4,loadDataLocalStorage
FNDA:4,saveDataStorage
FNDA:4,(anonymous_4)
FNDA:0,(anonymous_5)
FNDA:0,(anonymous_6)
FNDA:0,(anonymous_7)
FNDA:0,(anonymous_8)
FNDA:0,(anonymous_9)
FNDA:0,(anonymous_10)
FNDA:0,(anonymous_11)
FNDA:0,(anonymous_12)
DA:20,4
DA:21,4
DA:22,4
DA:23,4
DA:27,4
DA:30,4
DA:31,4
DA:33,4
DA:34,0
DA:38,4
DA:42,4
DA:43,0
DA:47,4
DA:49,4
DA:52,4
DA:53,0
DA:54,0
DA:55,0
DA:58,0
DA:59,0
DA:65,0
DA:66,0
DA:67,0
DA:70,4
DA:71,0
DA:72,0
DA:73,0
DA:76,0
DA:77,0
DA:79,0
DA:81,0
DA:82,0
DA:85,4
DA:86,0
DA:88,0
DA:91,4
DA:92,0
DA:93,0
DA:96,4
DA:97,0
DA:99,0
DA:100,0
DA:103,4
DA:132,1
DA:142,1
LF:45
LH:20
BRDA:33,0,0,0
BRDA:33,0,1,4
BRDA:33,1,0,4
BRDA:33,1,1,0
BRDA:42,2,0,0
BRDA:42,2,1,4
BRDA:53,3,0,0
BRDA:53,3,1,0
BRDA:71,4,0,0
BRDA:71,4,1,0
BRDA:120,5,0,0
BRDA:120,5,1,4
BRDA:121,6,0,0
BRDA:121,6,1,4
BRF:14
BRH:5
end_of_record
TN:
SF:src/storage/index.ts
FN:3,(anonymous_0)
FN:11,(anonymous_1)
FN:20,(anonymous_2)
FN:33,(anonymous_3)
FN:41,(anonymous_4)
FNF:5
FNH:2
FNDA:0,(anonymous_0)
FNDA:4,(anonymous_1)
FNDA:4,(anonymous_2)
FNDA:0,(anonymous_3)
FNDA:0,(anonymous_4)
DA:3,1
DA:4,0
DA:5,0
DA:7,0
DA:11,1
DA:12,4
DA:13,4
DA:14,4
DA:16,0
DA:20,1
DA:21,4
DA:22,4
DA:23,4
DA:24,4
DA:27,0
DA:30,4
DA:33,1
DA:34,0
DA:35,0
DA:37,0
DA:41,1
DA:42,0
DA:43,0
DA:45,0
LF:24
LH:13
BRDA:14,0,0,0
BRDA:14,0,1,4
BRF:2
BRH:1
end_of_record
TN:
SF:src/styles/theme/colors.ts
FNF:0
FNH:0
DA:1,2
LF:1
LH:1
BRF:0
BRH:0
end_of_record
TN:
SF:src/styles/theme/fonts.ts
FNF:0
FNH:0
DA:1,2
DA:7,2
LF:2
LH:2
BRF:0
BRH:0
end_of_record
TN:
SF:src/styles/theme/index.ts
FNF:0
FNH:0
DA:4,2
LF:1
LH:1
BRF:0
BRH:0
end_of_record
